# JRE version: OpenJDK Runtime Environment (11.0.13) (build 11.0.13+0-b1751.21-8125866)
# Java VM: OpenJDK 64-Bit Server VM (11.0.13+0-b1751.21-8125866, mixed mode, tiered, compressed oops, g1 gc, windows-amd64)
Heap:
 garbage-first heap   total 189440K, used 63637K [0x0000000080000000, 0x0000000100000000)
  region size 1024K, 6 young (6144K), 6 survivors (6144K)
 Metaspace       used 79142K, capacity 80936K, committed 81152K, reserved 1120256K
  class space    used 10279K, capacity 10953K, committed 11008K, reserved 1048576K
GC Heap History (20 events):
Event: 3.778 GC heap after
{Heap after GC invocations=6 (full 0):
 garbage-first heap   total 131072K, used 19235K [0x0000000080000000, 0x0000000100000000)
  region size 1024K, 3 young (3072K), 3 survivors (3072K)
 Metaspace       used 26546K, capacity 27149K, committed 27264K, reserved 1073152K
  class space    used 3429K, capacity 3640K, committed 3712K, reserved 1048576K
}
Event: 5.184 GC heap before
{Heap before GC invocations=7 (full 0):
 garbage-first heap   total 131072K, used 77603K [0x0000000080000000, 0x0000000100000000)
  region size 1024K, 60 young (61440K), 3 survivors (3072K)
 Metaspace       used 32823K, capacity 33517K, committed 33792K, reserved 1079296K
  class space    used 4281K, capacity 4551K, committed 4608K, reserved 1048576K
}
Event: 5.195 GC heap after
{Heap after GC invocations=8 (full 0):
 garbage-first heap   total 131072K, used 21688K [0x0000000080000000, 0x0000000100000000)
  region size 1024K, 6 young (6144K), 6 survivors (6144K)
 Metaspace       used 32823K, capacity 33517K, committed 33792K, reserved 1079296K
  class space    used 4281K, capacity 4551K, committed 4608K, reserved 1048576K
}
Event: 6.550 GC heap before
{Heap before GC invocations=8 (full 0):
 garbage-first heap   total 131072K, used 84152K [0x0000000080000000, 0x0000000100000000)
  region size 1024K, 65 young (66560K), 6 survivors (6144K)
 Metaspace       used 39497K, capacity 40385K, committed 40448K, reserved 1085440K
  class space    used 4986K, capacity 5324K, committed 5376K, reserved 1048576K
}
Event: 6.561 GC heap after
{Heap after GC invocations=9 (full 0):
 garbage-first heap   total 157696K, used 27095K [0x0000000080000000, 0x0000000100000000)
  region size 1024K, 9 young (9216K), 9 survivors (9216K)
 Metaspace       used 39497K, capacity 40385K, committed 40448K, reserved 1085440K
  class space    used 4986K, capacity 5324K, committed 5376K, reserved 1048576K
}
Event: 7.562 GC heap before
{Heap before GC invocations=9 (full 0):
 garbage-first heap   total 157696K, used 77271K [0x0000000080000000, 0x0000000100000000)
  region size 1024K, 59 young (60416K), 9 survivors (9216K)
 Metaspace       used 44421K, capacity 45341K, committed 45440K, reserved 1089536K
  class space    used 5597K, capacity 5962K, committed 6016K, reserved 1048576K
}
Event: 7.583 GC heap after
{Heap after GC invocations=10 (full 0):
 garbage-first heap   total 157696K, used 29977K [0x0000000080000000, 0x0000000100000000)
  region size 1024K, 8 young (8192K), 8 survivors (8192K)
 Metaspace       used 44421K, capacity 45341K, committed 45440K, reserved 1089536K
  class space    used 5597K, capacity 5962K, committed 6016K, reserved 1048576K
}
Event: 8.458 GC heap before
{Heap before GC invocations=11 (full 0):
 garbage-first heap   total 157696K, used 98585K [0x0000000080000000, 0x0000000100000000)
  region size 1024K, 75 young (76800K), 8 survivors (8192K)
 Metaspace       used 48197K, capacity 49441K, committed 49664K, reserved 1091584K
  class space    used 6128K, capacity 6606K, committed 6656K, reserved 1048576K
}
Event: 8.470 GC heap after
{Heap after GC invocations=12 (full 0):
 garbage-first heap   total 157696K, used 32226K [0x0000000080000000, 0x0000000100000000)
  region size 1024K, 5 young (5120K), 5 survivors (5120K)
 Metaspace       used 48197K, capacity 49441K, committed 49664K, reserved 1091584K
  class space    used 6128K, capacity 6606K, committed 6656K, reserved 1048576K
}
Event: 9.813 GC heap before
{Heap before GC invocations=12 (full 0):
 garbage-first heap   total 157696K, used 111074K [0x0000000080000000, 0x0000000100000000)
  region size 1024K, 77 young (78848K), 5 survivors (5120K)
 Metaspace       used 55020K, capacity 56431K, committed 56704K, reserved 1097728K
  class space    used 6960K, capacity 7516K, committed 7552K, reserved 1048576K
}
Event: 9.820 GC heap after
{Heap after GC invocations=13 (full 0):
 garbage-first heap   total 157696K, used 44032K [0x0000000080000000, 0x0000000100000000)
  region size 1024K, 10 young (10240K), 10 survivors (10240K)
 Metaspace       used 55020K, capacity 56431K, committed 56704K, reserved 1097728K
  class space    used 6960K, capacity 7516K, committed 7552K, reserved 1048576K
}
Event: 11.143 GC heap before
{Heap before GC invocations=13 (full 0):
 garbage-first heap   total 157696K, used 121856K [0x0000000080000000, 0x0000000100000000)
  region size 1024K, 80 young (81920K), 10 survivors (10240K)
 Metaspace       used 63300K, capacity 64831K, committed 64896K, reserved 1105920K
  class space    used 7947K, capacity 8536K, committed 8576K, reserved 1048576K
}
Event: 11.155 GC heap after
{Heap after GC invocations=14 (full 0):
 garbage-first heap   total 157696K, used 49308K [0x0000000080000000, 0x0000000100000000)
  region size 1024K, 6 young (6144K), 6 survivors (6144K)
 Metaspace       used 63300K, capacity 64831K, committed 64896K, reserved 1105920K
  class space    used 7947K, capacity 8536K, committed 8576K, reserved 1048576K
}
Event: 12.013 GC heap before
{Heap before GC invocations=14 (full 0):
 garbage-first heap   total 157696K, used 116892K [0x0000000080000000, 0x0000000100000000)
  region size 1024K, 72 young (73728K), 6 survivors (6144K)
 Metaspace       used 66412K, capacity 68005K, committed 68096K, reserved 1107968K
  class space    used 8361K, capacity 8944K, committed 8960K, reserved 1048576K
}
Event: 12.022 GC heap after
{Heap after GC invocations=15 (full 0):
 garbage-first heap   total 157696K, used 54204K [0x0000000080000000, 0x0000000100000000)
  region size 1024K, 5 young (5120K), 5 survivors (5120K)
 Metaspace       used 66412K, capacity 68005K, committed 68096K, reserved 1107968K
  class space    used 8361K, capacity 8944K, committed 8960K, reserved 1048576K
}
Event: 13.094 GC heap before
{Heap before GC invocations=15 (full 0):
 garbage-first heap   total 157696K, used 120764K [0x0000000080000000, 0x0000000100000000)
  region size 1024K, 70 young (71680K), 5 survivors (5120K)
 Metaspace       used 72722K, capacity 74417K, committed 74624K, reserved 1114112K
  class space    used 9346K, capacity 9985K, committed 10112K, reserved 1048576K
}
Event: 13.103 GC heap after
{Heap after GC invocations=16 (full 0):
 garbage-first heap   total 157696K, used 58153K [0x0000000080000000, 0x0000000100000000)
  region size 1024K, 9 young (9216K), 9 survivors (9216K)
 Metaspace       used 72722K, capacity 74417K, committed 74624K, reserved 1114112K
  class space    used 9346K, capacity 9985K, committed 10112K, reserved 1048576K
}
Event: 13.663 GC heap before
{Heap before GC invocations=16 (full 0):
 garbage-first heap   total 157696K, used 80681K [0x0000000080000000, 0x0000000100000000)
  region size 1024K, 32 young (32768K), 9 survivors (9216K)
 Metaspace       used 74372K, capacity 76033K, committed 76160K, reserved 1116160K
  class space    used 9599K, capacity 10262K, committed 10368K, reserved 1048576K
}
Event: 13.683 GC heap after
{Heap after GC invocations=17 (full 0):
 garbage-first heap   total 157696K, used 60055K [0x0000000080000000, 0x0000000100000000)
  region size 1024K, 7 young (7168K), 7 survivors (7168K)
 Metaspace       used 74372K, capacity 76033K, committed 76160K, reserved 1116160K
  class space    used 9599K, capacity 10262K, committed 10368K, reserved 1048576K
}
Event: 15.015 GC heap before
{Heap before GC invocations=18 (full 0):
 garbage-first heap   total 157696K, used 117399K [0x0000000080000000, 0x0000000100000000)
  region size 1024K, 63 young (64512K), 7 survivors (7168K)
 Metaspace       used 79142K, capacity 80936K, committed 81152K, reserved 1120256K
  class space    used 10279K, capacity 10953K, committed 11008K, reserved 1048576K
}

