# JRE version: OpenJDK Runtime Environment (11.0.13) (build 11.0.13+0-b1751.21-8125866)
# Java VM: OpenJDK 64-Bit Server VM (11.0.13+0-b1751.21-8125866, mixed mode, tiered, compressed oops, g1 gc, windows-amd64)
Heap:
 garbage-first heap   total 157696K, used 118851K [0x0000000080000000, 0x0000000100000000)
  region size 1024K, 70 young (71680K), 4 survivors (4096K)
 Metaspace       used 67507K, capacity 69109K, committed 69468K, reserved 1110016K
  class space    used 8466K, capacity 9034K, committed 9164K, reserved 1048576K
GC Heap History (20 events):
Event: 2.645 GC heap before
{Heap before GC invocations=2 (full 0):
 garbage-first heap   total 131072K, used 47121K [0x0000000080000000, 0x0000000100000000)
  region size 1024K, 42 young (43008K), 10 survivors (10240K)
 Metaspace       used 20835K, capacity 21193K, committed 21296K, reserved 1069056K
  class space    used 2536K, capacity 2688K, committed 2688K, reserved 1048576K
}
Event: 2.653 GC heap after
{Heap after GC invocations=3 (full 0):
 garbage-first heap   total 131072K, used 17292K [0x0000000080000000, 0x0000000100000000)
  region size 1024K, 2 young (2048K), 2 survivors (2048K)
 Metaspace       used 20835K, capacity 21193K, committed 21296K, reserved 1069056K
  class space    used 2536K, capacity 2688K, committed 2688K, reserved 1048576K
}
Event: 3.261 GC heap before
{Heap before GC invocations=4 (full 0):
 garbage-first heap   total 131072K, used 72588K [0x0000000080000000, 0x0000000100000000)
  region size 1024K, 56 young (57344K), 2 survivors (2048K)
 Metaspace       used 26530K, capacity 27149K, committed 27264K, reserved 1073152K
  class space    used 3439K, capacity 3640K, committed 3712K, reserved 1048576K
}
Event: 3.265 GC heap after
{Heap after GC invocations=5 (full 0):
 garbage-first heap   total 131072K, used 19192K [0x0000000080000000, 0x0000000100000000)
  region size 1024K, 3 young (3072K), 3 survivors (3072K)
 Metaspace       used 26530K, capacity 27149K, committed 27264K, reserved 1073152K
  class space    used 3439K, capacity 3640K, committed 3712K, reserved 1048576K
}
Event: 4.159 GC heap before
{Heap before GC invocations=5 (full 0):
 garbage-first heap   total 131072K, used 80632K [0x0000000080000000, 0x0000000100000000)
  region size 1024K, 63 young (64512K), 3 survivors (3072K)
 Metaspace       used 35031K, capacity 35823K, committed 36048K, reserved 1081344K
  class space    used 4498K, capacity 4788K, committed 4864K, reserved 1048576K
}
Event: 4.164 GC heap after
{Heap after GC invocations=6 (full 0):
 garbage-first heap   total 131072K, used 22642K [0x0000000080000000, 0x0000000100000000)
  region size 1024K, 7 young (7168K), 7 survivors (7168K)
 Metaspace       used 35031K, capacity 35823K, committed 36048K, reserved 1081344K
  class space    used 4498K, capacity 4788K, committed 4864K, reserved 1048576K
}
Event: 4.186 GC heap before
{Heap before GC invocations=6 (full 0):
 garbage-first heap   total 131072K, used 23666K [0x0000000080000000, 0x0000000100000000)
  region size 1024K, 9 young (9216K), 7 survivors (7168K)
 Metaspace       used 35172K, capacity 35937K, committed 36048K, reserved 1081344K
  class space    used 4521K, capacity 4806K, committed 4864K, reserved 1048576K
}
Event: 4.198 GC heap after
{Heap after GC invocations=7 (full 0):
 garbage-first heap   total 131072K, used 23115K [0x0000000080000000, 0x0000000100000000)
  region size 1024K, 4 young (4096K), 4 survivors (4096K)
 Metaspace       used 35172K, capacity 35937K, committed 36048K, reserved 1081344K
  class space    used 4521K, capacity 4806K, committed 4864K, reserved 1048576K
}
Event: 5.087 GC heap before
{Heap before GC invocations=8 (full 0):
 garbage-first heap   total 131072K, used 88651K [0x0000000080000000, 0x0000000100000000)
  region size 1024K, 65 young (66560K), 4 survivors (4096K)
 Metaspace       used 39794K, capacity 40672K, committed 40988K, reserved 1085440K
  class space    used 5039K, capacity 5374K, committed 5452K, reserved 1048576K
}
Event: 5.095 GC heap after
{Heap after GC invocations=9 (full 0):
 garbage-first heap   total 131072K, used 27779K [0x0000000080000000, 0x0000000100000000)
  region size 1024K, 9 young (9216K), 9 survivors (9216K)
 Metaspace       used 39794K, capacity 40672K, committed 40988K, reserved 1085440K
  class space    used 5039K, capacity 5374K, committed 5452K, reserved 1048576K
}
Event: 5.841 GC heap before
{Heap before GC invocations=9 (full 0):
 garbage-first heap   total 131072K, used 90243K [0x0000000080000000, 0x0000000100000000)
  region size 1024K, 69 young (70656K), 9 survivors (9216K)
 Metaspace       used 45452K, capacity 46514K, committed 46620K, reserved 1089536K
  class space    used 5765K, capacity 6142K, committed 6220K, reserved 1048576K
}
Event: 5.851 GC heap after
{Heap after GC invocations=10 (full 0):
 garbage-first heap   total 157696K, used 29985K [0x0000000080000000, 0x0000000100000000)
  region size 1024K, 3 young (3072K), 3 survivors (3072K)
 Metaspace       used 45452K, capacity 46514K, committed 46620K, reserved 1089536K
  class space    used 5765K, capacity 6142K, committed 6220K, reserved 1048576K
}
Event: 6.746 GC heap before
{Heap before GC invocations=10 (full 0):
 garbage-first heap   total 157696K, used 107809K [0x0000000080000000, 0x0000000100000000)
  region size 1024K, 77 young (78848K), 3 survivors (3072K)
 Metaspace       used 48715K, capacity 50043K, committed 50204K, reserved 1093632K
  class space    used 6164K, capacity 6645K, committed 6732K, reserved 1048576K
}
Event: 6.751 GC heap after
{Heap after GC invocations=11 (full 0):
 garbage-first heap   total 157696K, used 37495K [0x0000000080000000, 0x0000000100000000)
  region size 1024K, 9 young (9216K), 9 survivors (9216K)
 Metaspace       used 48715K, capacity 50043K, committed 50204K, reserved 1093632K
  class space    used 6164K, capacity 6645K, committed 6732K, reserved 1048576K
}
Event: 7.824 GC heap before
{Heap before GC invocations=11 (full 0):
 garbage-first heap   total 157696K, used 112247K [0x0000000080000000, 0x0000000100000000)
  region size 1024K, 80 young (81920K), 9 survivors (9216K)
 Metaspace       used 58281K, capacity 59630K, committed 59804K, reserved 1101824K
  class space    used 7306K, capacity 7831K, committed 7884K, reserved 1048576K
}
Event: 7.832 GC heap after
{Heap after GC invocations=12 (full 0):
 garbage-first heap   total 157696K, used 44085K [0x0000000080000000, 0x0000000100000000)
  region size 1024K, 5 young (5120K), 5 survivors (5120K)
 Metaspace       used 58281K, capacity 59630K, committed 59804K, reserved 1101824K
  class space    used 7306K, capacity 7831K, committed 7884K, reserved 1048576K
}
Event: 7.905 GC heap before
{Heap before GC invocations=12 (full 0):
 garbage-first heap   total 157696K, used 47157K [0x0000000080000000, 0x0000000100000000)
  region size 1024K, 9 young (9216K), 5 survivors (5120K)
 Metaspace       used 59210K, capacity 60557K, committed 60636K, reserved 1101824K
  class space    used 7422K, capacity 7949K, committed 8012K, reserved 1048576K
}
Event: 7.911 GC heap after
{Heap after GC invocations=13 (full 0):
 garbage-first heap   total 157696K, used 44300K [0x0000000080000000, 0x0000000100000000)
  region size 1024K, 5 young (5120K), 5 survivors (5120K)
 Metaspace       used 59210K, capacity 60557K, committed 60636K, reserved 1101824K
  class space    used 7422K, capacity 7949K, committed 8012K, reserved 1048576K
}
Event: 8.680 GC heap before
{Heap before GC invocations=14 (full 0):
 garbage-first heap   total 157696K, used 120076K [0x0000000080000000, 0x0000000100000000)
  region size 1024K, 73 young (74752K), 5 survivors (5120K)
 Metaspace       used 64664K, capacity 66150K, committed 66524K, reserved 1107968K
  class space    used 8082K, capacity 8631K, committed 8780K, reserved 1048576K
}
Event: 8.691 GC heap after
{Heap after GC invocations=15 (full 0):
 garbage-first heap   total 157696K, used 50243K [0x0000000080000000, 0x0000000100000000)
  region size 1024K, 10 young (10240K), 10 survivors (10240K)
 Metaspace       used 64664K, capacity 66150K, committed 66524K, reserved 1107968K
  class space    used 8082K, capacity 8631K, committed 8780K, reserved 1048576K
}

