# JRE version: OpenJDK Runtime Environment (11.0.13) (build 11.0.13+0-b1751.21-8125866)
# Java VM: OpenJDK 64-Bit Server VM (11.0.13+0-b1751.21-8125866, mixed mode, tiered, compressed oops, g1 gc, windows-amd64)
Heap:
 garbage-first heap   total 189440K, used 104046K [0x0000000080000000, 0x0000000100000000)
  region size 1024K, 51 young (52224K), 9 survivors (9216K)
 Metaspace       used 83707K, capacity 85642K, committed 85924K, reserved 1124352K
  class space    used 10779K, capacity 11513K, committed 11596K, reserved 1048576K
GC Heap History (20 events):
Event: 4.304 GC heap before
{Heap before GC invocations=6 (full 0):
 garbage-first heap   total 131072K, used 22958K [0x0000000080000000, 0x0000000100000000)
  region size 1024K, 8 young (8192K), 7 survivors (7168K)
 Metaspace       used 35157K, capacity 35904K, committed 35964K, reserved 1081344K
  class space    used 4514K, capacity 4794K, committed 4812K, reserved 1048576K
}
Event: 4.312 GC heap after
{Heap after GC invocations=7 (full 0):
 garbage-first heap   total 131072K, used 23054K [0x0000000080000000, 0x0000000100000000)
  region size 1024K, 4 young (4096K), 4 survivors (4096K)
 Metaspace       used 35157K, capacity 35904K, committed 35964K, reserved 1081344K
  class space    used 4514K, capacity 4794K, committed 4812K, reserved 1048576K
}
Event: 4.850 GC heap before
{Heap before GC invocations=8 (full 0):
 garbage-first heap   total 131072K, used 77326K [0x0000000080000000, 0x0000000100000000)
  region size 1024K, 55 young (56320K), 4 survivors (4096K)
 Metaspace       used 39307K, capacity 40192K, committed 40444K, reserved 1085440K
  class space    used 4958K, capacity 5324K, committed 5452K, reserved 1048576K
}
Event: 4.856 GC heap after
{Heap after GC invocations=9 (full 0):
 garbage-first heap   total 131072K, used 27095K [0x0000000080000000, 0x0000000100000000)
  region size 1024K, 7 young (7168K), 7 survivors (7168K)
 Metaspace       used 39307K, capacity 40192K, committed 40444K, reserved 1085440K
  class space    used 4958K, capacity 5324K, committed 5452K, reserved 1048576K
}
Event: 5.418 GC heap before
{Heap before GC invocations=9 (full 0):
 garbage-first heap   total 131072K, used 81367K [0x0000000080000000, 0x0000000100000000)
  region size 1024K, 60 young (61440K), 7 survivors (7168K)
 Metaspace       used 44345K, capacity 45338K, committed 45692K, reserved 1089536K
  class space    used 5591K, capacity 5961K, committed 6092K, reserved 1048576K
}
Event: 5.425 GC heap after
{Heap after GC invocations=10 (full 0):
 garbage-first heap   total 157696K, used 30173K [0x0000000080000000, 0x0000000100000000)
  region size 1024K, 7 young (7168K), 7 survivors (7168K)
 Metaspace       used 44345K, capacity 45338K, committed 45692K, reserved 1089536K
  class space    used 5591K, capacity 5961K, committed 6092K, reserved 1048576K
}
Event: 6.146 GC heap before
{Heap before GC invocations=10 (full 0):
 garbage-first heap   total 157696K, used 94685K [0x0000000080000000, 0x0000000100000000)
  region size 1024K, 70 young (71680K), 7 survivors (7168K)
 Metaspace       used 48152K, capacity 49384K, committed 49532K, reserved 1091584K
  class space    used 6116K, capacity 6587K, committed 6604K, reserved 1048576K
}
Event: 6.154 GC heap after
{Heap after GC invocations=11 (full 0):
 garbage-first heap   total 157696K, used 31967K [0x0000000080000000, 0x0000000100000000)
  region size 1024K, 5 young (5120K), 5 survivors (5120K)
 Metaspace       used 48152K, capacity 49384K, committed 49532K, reserved 1091584K
  class space    used 6116K, capacity 6587K, committed 6604K, reserved 1048576K
}
Event: 7.082 GC heap before
{Heap before GC invocations=11 (full 0):
 garbage-first heap   total 157696K, used 103647K [0x0000000080000000, 0x0000000100000000)
  region size 1024K, 71 young (72704K), 5 survivors (5120K)
 Metaspace       used 53159K, capacity 54532K, committed 54780K, reserved 1097728K
  class space    used 6717K, capacity 7224K, committed 7244K, reserved 1048576K
}
Event: 7.089 GC heap after
{Heap after GC invocations=12 (full 0):
 garbage-first heap   total 157696K, used 43424K [0x0000000080000000, 0x0000000100000000)
  region size 1024K, 9 young (9216K), 9 survivors (9216K)
 Metaspace       used 53159K, capacity 54532K, committed 54780K, reserved 1097728K
  class space    used 6717K, capacity 7224K, committed 7244K, reserved 1048576K
}
Event: 7.760 GC heap before
{Heap before GC invocations=12 (full 0):
 garbage-first heap   total 157696K, used 83360K [0x0000000080000000, 0x0000000100000000)
  region size 1024K, 49 young (50176K), 9 survivors (9216K)
 Metaspace       used 59065K, capacity 60431K, committed 60580K, reserved 1101824K
  class space    used 7407K, capacity 7928K, committed 8012K, reserved 1048576K
}
Event: 7.775 GC heap after
{Heap after GC invocations=13 (full 0):
 garbage-first heap   total 157696K, used 45197K [0x0000000080000000, 0x0000000100000000)
  region size 1024K, 2 young (2048K), 2 survivors (2048K)
 Metaspace       used 59065K, capacity 60431K, committed 60580K, reserved 1101824K
  class space    used 7407K, capacity 7928K, committed 8012K, reserved 1048576K
}
Event: 8.570 GC heap before
{Heap before GC invocations=14 (full 0):
 garbage-first heap   total 157696K, used 108685K [0x0000000080000000, 0x0000000100000000)
  region size 1024K, 58 young (59392K), 2 survivors (2048K)
 Metaspace       used 64218K, capacity 65789K, committed 65828K, reserved 1105920K
  class space    used 8046K, capacity 8618K, committed 8652K, reserved 1048576K
}
Event: 8.578 GC heap after
{Heap after GC invocations=15 (full 0):
 garbage-first heap   total 157696K, used 50064K [0x0000000080000000, 0x0000000100000000)
  region size 1024K, 7 young (7168K), 7 survivors (7168K)
 Metaspace       used 64218K, capacity 65789K, committed 65828K, reserved 1105920K
  class space    used 8046K, capacity 8618K, committed 8652K, reserved 1048576K
}
Event: 9.039 GC heap before
{Heap before GC invocations=16 (full 0):
 garbage-first heap   total 157696K, used 107408K [0x0000000080000000, 0x0000000100000000)
  region size 1024K, 63 young (64512K), 7 survivors (7168K)
 Metaspace       used 66254K, capacity 67731K, committed 68004K, reserved 1107968K
  class space    used 8322K, capacity 8874K, committed 9036K, reserved 1048576K
}
Event: 9.046 GC heap after
{Heap after GC invocations=17 (full 0):
 garbage-first heap   total 189440K, used 54287K [0x0000000080000000, 0x0000000100000000)
  region size 1024K, 5 young (5120K), 5 survivors (5120K)
 Metaspace       used 66254K, capacity 67731K, committed 68004K, reserved 1107968K
  class space    used 8322K, capacity 8874K, committed 9036K, reserved 1048576K
}
Event: 9.875 GC heap before
{Heap before GC invocations=17 (full 0):
 garbage-first heap   total 189440K, used 123919K [0x0000000080000000, 0x0000000100000000)
  region size 1024K, 73 young (74752K), 5 survivors (5120K)
 Metaspace       used 72830K, capacity 74373K, committed 74660K, reserved 1114112K
  class space    used 9337K, capacity 9923K, committed 10060K, reserved 1048576K
}
Event: 9.882 GC heap after
{Heap after GC invocations=18 (full 0):
 garbage-first heap   total 189440K, used 58262K [0x0000000080000000, 0x0000000100000000)
  region size 1024K, 9 young (9216K), 9 survivors (9216K)
 Metaspace       used 72830K, capacity 74373K, committed 74660K, reserved 1114112K
  class space    used 9337K, capacity 9923K, committed 10060K, reserved 1048576K
}
Event: 10.663 GC heap before
{Heap before GC invocations=18 (full 0):
 garbage-first heap   total 189440K, used 130966K [0x0000000080000000, 0x0000000100000000)
  region size 1024K, 80 young (81920K), 9 survivors (9216K)
 Metaspace       used 78846K, capacity 80630K, committed 80676K, reserved 1120256K
  class space    used 10234K, capacity 10918K, committed 10956K, reserved 1048576K
}
Event: 10.672 GC heap after
{Heap after GC invocations=19 (full 0):
 garbage-first heap   total 189440K, used 63086K [0x0000000080000000, 0x0000000100000000)
  region size 1024K, 9 young (9216K), 9 survivors (9216K)
 Metaspace       used 78846K, capacity 80630K, committed 80676K, reserved 1120256K
  class space    used 10234K, capacity 10918K, committed 10956K, reserved 1048576K
}

