# JRE version: OpenJDK Runtime Environment (11.0.13) (build 11.0.13+0-b1751.21-8125866)
# Java VM: OpenJDK 64-Bit Server VM (11.0.13+0-b1751.21-8125866, mixed mode, tiered, compressed oops, g1 gc, windows-amd64)
Heap:
 garbage-first heap   total 157696K, used 110451K [0x0000000080000000, 0x0000000100000000)
  region size 1024K, 8 young (8192K), 3 survivors (3072K)
 Metaspace       used 112843K, capacity 115845K, committed 116136K, reserved 1148928K
  class space    used 14718K, capacity 15858K, committed 15896K, reserved 1048576K
GC Heap History (20 events):
Event: 19.899 GC heap before
{Heap before GC invocations=21 (full 0):
 garbage-first heap   total 157696K, used 125507K [0x0000000080000000, 0x0000000100000000)
  region size 1024K, 56 young (57344K), 5 survivors (5120K)
 Metaspace       used 86758K, capacity 89071K, committed 89384K, reserved 1126400K
  class space    used 11161K, capacity 12041K, committed 12184K, reserved 1048576K
}
Event: 19.907 GC heap after
{Heap after GC invocations=22 (full 0):
 garbage-first heap   total 157696K, used 78376K [0x0000000080000000, 0x0000000100000000)
  region size 1024K, 4 young (4096K), 4 survivors (4096K)
 Metaspace       used 86758K, capacity 89071K, committed 89384K, reserved 1126400K
  class space    used 11161K, capacity 12041K, committed 12184K, reserved 1048576K
}
Event: 20.713 GC heap before
{Heap before GC invocations=22 (full 0):
 garbage-first heap   total 157696K, used 127528K [0x0000000080000000, 0x0000000100000000)
  region size 1024K, 53 young (54272K), 4 survivors (4096K)
 Metaspace       used 92666K, capacity 94946K, committed 95272K, reserved 1132544K
  class space    used 11971K, capacity 12870K, committed 12952K, reserved 1048576K
}
Event: 20.732 GC heap after
{Heap after GC invocations=23 (full 0):
 garbage-first heap   total 157696K, used 83413K [0x0000000080000000, 0x0000000100000000)
  region size 1024K, 5 young (5120K), 5 survivors (5120K)
 Metaspace       used 92666K, capacity 94946K, committed 95272K, reserved 1132544K
  class space    used 11971K, capacity 12870K, committed 12952K, reserved 1048576K
}
Event: 21.941 GC heap before
{Heap before GC invocations=24 (full 0):
 garbage-first heap   total 157696K, used 130517K [0x0000000080000000, 0x0000000100000000)
  region size 1024K, 50 young (51200K), 5 survivors (5120K)
 Metaspace       used 95328K, capacity 97618K, committed 98088K, reserved 1134592K
  class space    used 12173K, capacity 13053K, committed 13208K, reserved 1048576K
}
Event: 21.953 GC heap after
{Heap after GC invocations=25 (full 0):
 garbage-first heap   total 157696K, used 94303K [0x0000000080000000, 0x0000000100000000)
  region size 1024K, 7 young (7168K), 7 survivors (7168K)
 Metaspace       used 95328K, capacity 97618K, committed 98088K, reserved 1134592K
  class space    used 12173K, capacity 13053K, committed 13208K, reserved 1048576K
}
Event: 22.379 GC heap before
{Heap before GC invocations=25 (full 0):
 garbage-first heap   total 157696K, used 127071K [0x0000000080000000, 0x0000000100000000)
  region size 1024K, 40 young (40960K), 7 survivors (7168K)
 Metaspace       used 95819K, capacity 98259K, committed 98344K, reserved 1134592K
  class space    used 12232K, capacity 13150K, committed 13208K, reserved 1048576K
}
Event: 22.389 GC heap after
{Heap after GC invocations=26 (full 0):
 garbage-first heap   total 157696K, used 96256K [0x0000000080000000, 0x0000000100000000)
  region size 1024K, 3 young (3072K), 3 survivors (3072K)
 Metaspace       used 95819K, capacity 98259K, committed 98344K, reserved 1134592K
  class space    used 12232K, capacity 13150K, committed 13208K, reserved 1048576K
}
Event: 22.987 GC heap before
{Heap before GC invocations=27 (full 0):
 garbage-first heap   total 157696K, used 129024K [0x0000000080000000, 0x0000000100000000)
  region size 1024K, 36 young (36864K), 3 survivors (3072K)
 Metaspace       used 97084K, capacity 99561K, committed 99880K, reserved 1136640K
  class space    used 12418K, capacity 13361K, committed 13464K, reserved 1048576K
}
Event: 22.993 GC heap after
{Heap after GC invocations=28 (full 0):
 garbage-first heap   total 157696K, used 97445K [0x0000000080000000, 0x0000000100000000)
  region size 1024K, 5 young (5120K), 5 survivors (5120K)
 Metaspace       used 97084K, capacity 99561K, committed 99880K, reserved 1136640K
  class space    used 12418K, capacity 13361K, committed 13464K, reserved 1048576K
}
Event: 23.776 GC heap before
{Heap before GC invocations=28 (full 0):
 garbage-first heap   total 157696K, used 129189K [0x0000000080000000, 0x0000000100000000)
  region size 1024K, 37 young (37888K), 5 survivors (5120K)
 Metaspace       used 105377K, capacity 108185K, committed 108328K, reserved 1142784K
  class space    used 13624K, capacity 14713K, committed 14744K, reserved 1048576K
}
Event: 23.787 GC heap after
{Heap after GC invocations=29 (full 0):
 garbage-first heap   total 157696K, used 99305K [0x0000000080000000, 0x0000000100000000)
  region size 1024K, 4 young (4096K), 4 survivors (4096K)
 Metaspace       used 105377K, capacity 108185K, committed 108328K, reserved 1142784K
  class space    used 13624K, capacity 14713K, committed 14744K, reserved 1048576K
}
Event: 24.366 GC heap before
{Heap before GC invocations=30 (full 0):
 garbage-first heap   total 157696K, used 130025K [0x0000000080000000, 0x0000000100000000)
  region size 1024K, 36 young (36864K), 4 survivors (4096K)
 Metaspace       used 108462K, capacity 111421K, committed 111528K, reserved 1144832K
  class space    used 14179K, capacity 15314K, committed 15384K, reserved 1048576K
}
Event: 24.375 GC heap after
{Heap after GC invocations=31 (full 0):
 garbage-first heap   total 157696K, used 99380K [0x0000000080000000, 0x0000000100000000)
  region size 1024K, 3 young (3072K), 3 survivors (3072K)
 Metaspace       used 108462K, capacity 111421K, committed 111528K, reserved 1144832K
  class space    used 14179K, capacity 15314K, committed 15384K, reserved 1048576K
}
Event: 24.432 GC heap before
{Heap before GC invocations=31 (full 0):
 garbage-first heap   total 157696K, used 103476K [0x0000000080000000, 0x0000000100000000)
  region size 1024K, 7 young (7168K), 3 survivors (3072K)
 Metaspace       used 108678K, capacity 111645K, committed 111784K, reserved 1146880K
  class space    used 14217K, capacity 15346K, committed 15384K, reserved 1048576K
}
Event: 24.437 GC heap after
{Heap after GC invocations=32 (full 0):
 garbage-first heap   total 157696K, used 95550K [0x0000000080000000, 0x0000000100000000)
  region size 1024K, 1 young (1024K), 1 survivors (1024K)
 Metaspace       used 108678K, capacity 111645K, committed 111784K, reserved 1146880K
  class space    used 14217K, capacity 15346K, committed 15384K, reserved 1048576K
}
Event: 24.806 GC heap before
{Heap before GC invocations=32 (full 0):
 garbage-first heap   total 157696K, used 131390K [0x0000000080000000, 0x0000000100000000)
  region size 1024K, 36 young (36864K), 1 survivors (1024K)
 Metaspace       used 111308K, capacity 114237K, committed 114472K, reserved 1148928K
  class space    used 14556K, capacity 15698K, committed 15768K, reserved 1048576K
}
Event: 24.809 GC heap after
{Heap after GC invocations=33 (full 0):
 garbage-first heap   total 157696K, used 95647K [0x0000000080000000, 0x0000000100000000)
  region size 1024K, 1 young (1024K), 1 survivors (1024K)
 Metaspace       used 111308K, capacity 114237K, committed 114472K, reserved 1148928K
  class space    used 14556K, capacity 15698K, committed 15768K, reserved 1048576K
}
Event: 25.293 GC heap before
{Heap before GC invocations=34 (full 0):
 garbage-first heap   total 157696K, used 108959K [0x0000000080000000, 0x0000000100000000)
  region size 1024K, 19 young (19456K), 1 survivors (1024K)
 Metaspace       used 112719K, capacity 115721K, committed 115880K, reserved 1148928K
  class space    used 14698K, capacity 15841K, committed 15896K, reserved 1048576K
}
Event: 25.300 GC heap after
{Heap after GC invocations=35 (full 0):
 garbage-first heap   total 157696K, used 95091K [0x0000000080000000, 0x0000000100000000)
  region size 1024K, 3 young (3072K), 3 survivors (3072K)
 Metaspace       used 112719K, capacity 115721K, committed 115880K, reserved 1148928K
  class space    used 14698K, capacity 15841K, committed 15896K, reserved 1048576K
}

