# JRE version: OpenJDK Runtime Environment (11.0.13) (build 11.0.13+0-b1751.21-8125866)
# Java VM: OpenJDK 64-Bit Server VM (11.0.13+0-b1751.21-8125866, mixed mode, tiered, compressed oops, g1 gc, windows-amd64)
Heap:
 garbage-first heap   total 189440K, used 123269K [0x0000000080000000, 0x0000000100000000)
  region size 1024K, 18 young (18432K), 1 survivors (1024K)
 Metaspace       used 125966K, capacity 129551K, committed 132672K, reserved 1163264K
  class space    used 16083K, capacity 17463K, committed 18816K, reserved 1048576K
GC Heap History (20 events):
Event: 20.570 GC heap before
{Heap before GC invocations=31 (full 0):
 garbage-first heap   total 189440K, used 96160K [0x0000000080000000, 0x0000000100000000)
  region size 1024K, 9 young (9216K), 7 survivors (7168K)
 Metaspace       used 97489K, capacity 99739K, committed 100416K, reserved 1136640K
  class space    used 12389K, capacity 13229K, committed 13440K, reserved 1048576K
}
Event: 20.577 GC heap after
{Heap after GC invocations=32 (full 0):
 garbage-first heap   total 189440K, used 93687K [0x0000000080000000, 0x0000000100000000)
  region size 1024K, 1 young (1024K), 1 survivors (1024K)
 Metaspace       used 97489K, capacity 99739K, committed 100416K, reserved 1136640K
  class space    used 12389K, capacity 13229K, committed 13440K, reserved 1048576K
}
Event: 21.291 GC heap before
{Heap before GC invocations=32 (full 0):
 garbage-first heap   total 189440K, used 140791K [0x0000000080000000, 0x0000000100000000)
  region size 1024K, 49 young (50176K), 1 survivors (1024K)
 Metaspace       used 104034K, capacity 106478K, committed 106816K, reserved 1142784K
  class space    used 13222K, capacity 14112K, committed 14208K, reserved 1048576K
}
Event: 21.308 GC heap after
{Heap after GC invocations=33 (full 0):
 garbage-first heap   total 189440K, used 97664K [0x0000000080000000, 0x0000000100000000)
  region size 1024K, 5 young (5120K), 5 survivors (5120K)
 Metaspace       used 104034K, capacity 106478K, committed 106816K, reserved 1142784K
  class space    used 13222K, capacity 14112K, committed 14208K, reserved 1048576K
}
Event: 22.528 GC heap before
{Heap before GC invocations=34 (full 0):
 garbage-first heap   total 189440K, used 150912K [0x0000000080000000, 0x0000000100000000)
  region size 1024K, 56 young (57344K), 5 survivors (5120K)
 Metaspace       used 106405K, capacity 108870K, committed 109120K, reserved 1144832K
  class space    used 13464K, capacity 14373K, committed 14464K, reserved 1048576K
}
Event: 22.534 GC heap after
{Heap after GC invocations=35 (full 0):
 garbage-first heap   total 189440K, used 100154K [0x0000000080000000, 0x0000000100000000)
  region size 1024K, 2 young (2048K), 2 survivors (2048K)
 Metaspace       used 106405K, capacity 108870K, committed 109120K, reserved 1144832K
  class space    used 13464K, capacity 14373K, committed 14464K, reserved 1048576K
}
Event: 22.540 GC heap before
{Heap before GC invocations=35 (full 0):
 garbage-first heap   total 189440K, used 100154K [0x0000000080000000, 0x0000000100000000)
  region size 1024K, 3 young (3072K), 2 survivors (2048K)
 Metaspace       used 106447K, capacity 108870K, committed 109120K, reserved 1144832K
  class space    used 13468K, capacity 14373K, committed 14464K, reserved 1048576K
}
Event: 22.542 GC heap after
{Heap after GC invocations=36 (full 0):
 garbage-first heap   total 189440K, used 99261K [0x0000000080000000, 0x0000000100000000)
  region size 1024K, 2 young (2048K), 2 survivors (2048K)
 Metaspace       used 106447K, capacity 108870K, committed 109120K, reserved 1144832K
  class space    used 13468K, capacity 14373K, committed 14464K, reserved 1048576K
}
Event: 23.184 GC heap before
{Heap before GC invocations=37 (full 0):
 garbage-first heap   total 189440K, used 152509K [0x0000000080000000, 0x0000000100000000)
  region size 1024K, 53 young (54272K), 2 survivors (2048K)
 Metaspace       used 112508K, capacity 115593K, committed 115648K, reserved 1148928K
  class space    used 14394K, capacity 15567K, committed 15616K, reserved 1048576K
}
Event: 23.195 GC heap after
{Heap after GC invocations=38 (full 0):
 garbage-first heap   total 189440K, used 107830K [0x0000000080000000, 0x0000000100000000)
  region size 1024K, 7 young (7168K), 7 survivors (7168K)
 Metaspace       used 112508K, capacity 115593K, committed 115648K, reserved 1148928K
  class space    used 14394K, capacity 15567K, committed 15616K, reserved 1048576K
}
Event: 23.688 GC heap before
{Heap before GC invocations=38 (full 0):
 garbage-first heap   total 189440K, used 150838K [0x0000000080000000, 0x0000000100000000)
  region size 1024K, 50 young (51200K), 7 survivors (7168K)
 Metaspace       used 118275K, capacity 122384K, committed 122560K, reserved 1155072K
  class space    used 15585K, capacity 17291K, committed 17408K, reserved 1048576K
}
Event: 23.708 GC heap after
{Heap after GC invocations=39 (full 0):
 garbage-first heap   total 189440K, used 111606K [0x0000000080000000, 0x0000000100000000)
  region size 1024K, 4 young (4096K), 4 survivors (4096K)
 Metaspace       used 118275K, capacity 122384K, committed 122560K, reserved 1155072K
  class space    used 15585K, capacity 17291K, committed 17408K, reserved 1048576K
}
Event: 24.158 GC heap before
{Heap before GC invocations=40 (full 0):
 garbage-first heap   total 189440K, used 150518K [0x0000000080000000, 0x0000000100000000)
  region size 1024K, 45 young (46080K), 4 survivors (4096K)
 Metaspace       used 121071K, capacity 125681K, committed 126016K, reserved 1157120K
  class space    used 16057K, capacity 17941K, committed 18048K, reserved 1048576K
}
Event: 24.166 GC heap after
{Heap after GC invocations=41 (full 0):
 garbage-first heap   total 189440K, used 112613K [0x0000000080000000, 0x0000000100000000)
  region size 1024K, 5 young (5120K), 5 survivors (5120K)
 Metaspace       used 121071K, capacity 125681K, committed 126016K, reserved 1157120K
  class space    used 16057K, capacity 17941K, committed 18048K, reserved 1048576K
}
Event: 24.226 GC heap before
{Heap before GC invocations=41 (full 0):
 garbage-first heap   total 189440K, used 120805K [0x0000000080000000, 0x0000000100000000)
  region size 1024K, 15 young (15360K), 5 survivors (5120K)
 Metaspace       used 121413K, capacity 126136K, committed 126400K, reserved 1157120K
  class space    used 16135K, capacity 18091K, committed 18176K, reserved 1048576K
}
Event: 24.232 GC heap after
{Heap after GC invocations=42 (full 0):
 garbage-first heap   total 189440K, used 111468K [0x0000000080000000, 0x0000000100000000)
  region size 1024K, 2 young (2048K), 2 survivors (2048K)
 Metaspace       used 121413K, capacity 126136K, committed 126400K, reserved 1157120K
  class space    used 16135K, capacity 18091K, committed 18176K, reserved 1048576K
}
Event: 25.190 GC heap before
{Heap before GC invocations=43 (full 0):
 garbage-first heap   total 189440K, used 164716K [0x0000000080000000, 0x0000000100000000)
  region size 1024K, 43 young (44032K), 2 survivors (2048K)
 Metaspace       used 124711K, capacity 128304K, committed 131520K, reserved 1163264K
  class space    used 16018K, capacity 17410K, committed 18688K, reserved 1048576K
}
Event: 25.194 GC heap after
{Heap after GC invocations=44 (full 0):
 garbage-first heap   total 189440K, used 111582K [0x0000000080000000, 0x0000000100000000)
  region size 1024K, 2 young (2048K), 2 survivors (2048K)
 Metaspace       used 124711K, capacity 128304K, committed 131520K, reserved 1163264K
  class space    used 16018K, capacity 17410K, committed 18688K, reserved 1048576K
}
Event: 199.206 GC heap before
{Heap before GC invocations=44 (full 0):
 garbage-first heap   total 189440K, used 117726K [0x0000000080000000, 0x0000000100000000)
  region size 1024K, 9 young (9216K), 2 survivors (2048K)
 Metaspace       used 125627K, capacity 129195K, committed 132416K, reserved 1163264K
  class space    used 16069K, capacity 17446K, committed 18816K, reserved 1048576K
}
Event: 199.210 GC heap after
{Heap after GC invocations=45 (full 0):
 garbage-first heap   total 189440K, used 106885K [0x0000000080000000, 0x0000000100000000)
  region size 1024K, 1 young (1024K), 1 survivors (1024K)
 Metaspace       used 125627K, capacity 129195K, committed 132416K, reserved 1163264K
  class space    used 16069K, capacity 17446K, committed 18816K, reserved 1048576K
}

