# JRE version: OpenJDK Runtime Environment (11.0.13) (build 11.0.13+0-b1751.21-8125866)
# Java VM: OpenJDK 64-Bit Server VM (11.0.13+0-b1751.21-8125866, mixed mode, tiered, compressed oops, g1 gc, windows-amd64)
Heap:
 garbage-first heap   total 157696K, used 59902K [0x0000000080000000, 0x0000000100000000)
  region size 1024K, 10 young (10240K), 9 survivors (9216K)
 Metaspace       used 74648K, capacity 76404K, committed 76664K, reserved 1116160K
  class space    used 9646K, capacity 10342K, committed 10444K, reserved 1048576K
GC Heap History (20 events):
Event: 2.505 GC heap before
{Heap before GC invocations=1 (full 0):
 garbage-first heap   total 131072K, used 84165K [0x0000000080000000, 0x0000000100000000)
  region size 1024K, 76 young (77824K), 3 survivors (3072K)
 Metaspace       used 17496K, capacity 17849K, committed 18048K, reserved 1064960K
  class space    used 2027K, capacity 2147K, committed 2176K, reserved 1048576K
}
Event: 2.512 GC heap after
{Heap after GC invocations=2 (full 0):
 garbage-first heap   total 131072K, used 16072K [0x0000000080000000, 0x0000000100000000)
  region size 1024K, 10 young (10240K), 10 survivors (10240K)
 Metaspace       used 17496K, capacity 17849K, committed 18048K, reserved 1064960K
  class space    used 2027K, capacity 2147K, committed 2176K, reserved 1048576K
}
Event: 2.834 GC heap before
{Heap before GC invocations=2 (full 0):
 garbage-first heap   total 131072K, used 47816K [0x0000000080000000, 0x0000000100000000)
  region size 1024K, 42 young (43008K), 10 survivors (10240K)
 Metaspace       used 20859K, capacity 21193K, committed 21296K, reserved 1069056K
  class space    used 2537K, capacity 2688K, committed 2688K, reserved 1048576K
}
Event: 2.841 GC heap after
{Heap after GC invocations=3 (full 0):
 garbage-first heap   total 131072K, used 17558K [0x0000000080000000, 0x0000000100000000)
  region size 1024K, 2 young (2048K), 2 survivors (2048K)
 Metaspace       used 20859K, capacity 21193K, committed 21296K, reserved 1069056K
  class space    used 2537K, capacity 2688K, committed 2688K, reserved 1048576K
}
Event: 3.592 GC heap before
{Heap before GC invocations=4 (full 0):
 garbage-first heap   total 131072K, used 77974K [0x0000000080000000, 0x0000000100000000)
  region size 1024K, 62 young (63488K), 2 survivors (2048K)
 Metaspace       used 26952K, capacity 27475K, committed 27520K, reserved 1073152K
  class space    used 3498K, capacity 3706K, committed 3712K, reserved 1048576K
}
Event: 3.600 GC heap after
{Heap after GC invocations=5 (full 0):
 garbage-first heap   total 131072K, used 19502K [0x0000000080000000, 0x0000000100000000)
  region size 1024K, 4 young (4096K), 4 survivors (4096K)
 Metaspace       used 26952K, capacity 27475K, committed 27520K, reserved 1073152K
  class space    used 3498K, capacity 3706K, committed 3712K, reserved 1048576K
}
Event: 4.706 GC heap before
{Heap before GC invocations=6 (full 0):
 garbage-first heap   total 131072K, used 87086K [0x0000000080000000, 0x0000000100000000)
  region size 1024K, 70 young (71680K), 4 survivors (4096K)
 Metaspace       used 36930K, capacity 37748K, committed 37888K, reserved 1081344K
  class space    used 4699K, capacity 5024K, committed 5120K, reserved 1048576K
}
Event: 4.712 GC heap after
{Heap after GC invocations=7 (full 0):
 garbage-first heap   total 131072K, used 24284K [0x0000000080000000, 0x0000000100000000)
  region size 1024K, 8 young (8192K), 8 survivors (8192K)
 Metaspace       used 36930K, capacity 37748K, committed 37888K, reserved 1081344K
  class space    used 4699K, capacity 5024K, committed 5120K, reserved 1048576K
}
Event: 5.636 GC heap before
{Heap before GC invocations=7 (full 0):
 garbage-first heap   total 131072K, used 94940K [0x0000000080000000, 0x0000000100000000)
  region size 1024K, 74 young (75776K), 8 survivors (8192K)
 Metaspace       used 41549K, capacity 42548K, committed 42752K, reserved 1087488K
  class space    used 5268K, capacity 5630K, committed 5632K, reserved 1048576K
}
Event: 5.645 GC heap after
{Heap after GC invocations=8 (full 0):
 garbage-first heap   total 131072K, used 28450K [0x0000000080000000, 0x0000000100000000)
  region size 1024K, 9 young (9216K), 9 survivors (9216K)
 Metaspace       used 41549K, capacity 42548K, committed 42752K, reserved 1087488K
  class space    used 5268K, capacity 5630K, committed 5632K, reserved 1048576K
}
Event: 6.225 GC heap before
{Heap before GC invocations=8 (full 0):
 garbage-first heap   total 131072K, used 72482K [0x0000000080000000, 0x0000000100000000)
  region size 1024K, 53 young (54272K), 9 survivors (9216K)
 Metaspace       used 45445K, capacity 46446K, committed 46508K, reserved 1089536K
  class space    used 5760K, capacity 6140K, committed 6144K, reserved 1048576K
}
Event: 6.239 GC heap after
{Heap after GC invocations=9 (full 0):
 garbage-first heap   total 131072K, used 30394K [0x0000000080000000, 0x0000000100000000)
  region size 1024K, 7 young (7168K), 7 survivors (7168K)
 Metaspace       used 45445K, capacity 46446K, committed 46508K, reserved 1089536K
  class space    used 5760K, capacity 6140K, committed 6144K, reserved 1048576K
}
Event: 7.094 GC heap before
{Heap before GC invocations=10 (full 0):
 garbage-first heap   total 131072K, used 95930K [0x0000000080000000, 0x0000000100000000)
  region size 1024K, 70 young (71680K), 7 survivors (7168K)
 Metaspace       used 48719K, capacity 50084K, committed 50168K, reserved 1093632K
  class space    used 6186K, capacity 6681K, committed 6732K, reserved 1048576K
}
Event: 7.104 GC heap after
{Heap after GC invocations=11 (full 0):
 garbage-first heap   total 157696K, used 36164K [0x0000000080000000, 0x0000000100000000)
  region size 1024K, 6 young (6144K), 6 survivors (6144K)
 Metaspace       used 48719K, capacity 50084K, committed 50168K, reserved 1093632K
  class space    used 6186K, capacity 6681K, committed 6732K, reserved 1048576K
}
Event: 8.186 GC heap before
{Heap before GC invocations=11 (full 0):
 garbage-first heap   total 157696K, used 116036K [0x0000000080000000, 0x0000000100000000)
  region size 1024K, 82 young (83968K), 6 survivors (6144K)
 Metaspace       used 58117K, capacity 59526K, committed 59768K, reserved 1101824K
  class space    used 7295K, capacity 7862K, committed 7884K, reserved 1048576K
}
Event: 8.193 GC heap after
{Heap after GC invocations=12 (full 0):
 garbage-first heap   total 157696K, used 44136K [0x0000000080000000, 0x0000000100000000)
  region size 1024K, 11 young (11264K), 11 survivors (11264K)
 Metaspace       used 58117K, capacity 59526K, committed 59768K, reserved 1101824K
  class space    used 7295K, capacity 7862K, committed 7884K, reserved 1048576K
}
Event: 9.320 GC heap before
{Heap before GC invocations=12 (full 0):
 garbage-first heap   total 157696K, used 124008K [0x0000000080000000, 0x0000000100000000)
  region size 1024K, 83 young (84992K), 11 survivors (11264K)
 Metaspace       used 64626K, capacity 66202K, committed 66552K, reserved 1107968K
  class space    used 8104K, capacity 8671K, committed 8780K, reserved 1048576K
}
Event: 9.330 GC heap after
{Heap after GC invocations=13 (full 0):
 garbage-first heap   total 157696K, used 51173K [0x0000000080000000, 0x0000000100000000)
  region size 1024K, 7 young (7168K), 7 survivors (7168K)
 Metaspace       used 64626K, capacity 66202K, committed 66552K, reserved 1107968K
  class space    used 8104K, capacity 8671K, committed 8780K, reserved 1048576K
}
Event: 10.091 GC heap before
{Heap before GC invocations=13 (full 0):
 garbage-first heap   total 157696K, used 120805K [0x0000000080000000, 0x0000000100000000)
  region size 1024K, 75 young (76800K), 7 survivors (7168K)
 Metaspace       used 67712K, capacity 69388K, committed 69624K, reserved 1110016K
  class space    used 8512K, capacity 9170K, committed 9292K, reserved 1048576K
}
Event: 10.101 GC heap after
{Heap after GC invocations=14 (full 0):
 garbage-first heap   total 157696K, used 56111K [0x0000000080000000, 0x0000000100000000)
  region size 1024K, 5 young (5120K), 5 survivors (5120K)
 Metaspace       used 67712K, capacity 69388K, committed 69624K, reserved 1110016K
  class space    used 8512K, capacity 9170K, committed 9292K, reserved 1048576K
}

